Flattening unmatched subcell sky130_fd_pr__nfet_01v8_RV7F6E in circuit inverter (0)(1 instance)
Flattening unmatched subcell sky130_fd_pr__pfet_01v8_6LLYWG in circuit inverter (0)(1 instance)
Warning: Equate pins:  cell sky130_fd_pr__nfet_01v8 has no definition, treated as a black box.
Warning: Equate pins:  cell sky130_fd_pr__nfet_01v8 has no definition, treated as a black box.

Subcircuit pins:
Circuit 1: sky130_fd_pr__nfet_01v8         |Circuit 2: sky130_fd_pr__nfet_01v8         
-------------------------------------------|-------------------------------------------
1                                          |1                                          
2                                          |2                                          
3                                          |3                                          
4                                          |4                                          
---------------------------------------------------------------------------------------
Cell pin lists are equivalent.
Device classes sky130_fd_pr__nfet_01v8 and sky130_fd_pr__nfet_01v8 are equivalent.
Warning: Equate pins:  cell sky130_fd_pr__pfet_01v8 has no definition, treated as a black box.
Warning: Equate pins:  cell sky130_fd_pr__pfet_01v8 has no definition, treated as a black box.

Subcircuit pins:
Circuit 1: sky130_fd_pr__pfet_01v8         |Circuit 2: sky130_fd_pr__pfet_01v8         
-------------------------------------------|-------------------------------------------
1                                          |1                                          
2                                          |2                                          
3                                          |3                                          
4                                          |4                                          
---------------------------------------------------------------------------------------
Cell pin lists are equivalent.
Device classes sky130_fd_pr__pfet_01v8 and sky130_fd_pr__pfet_01v8 are equivalent.
Class inverter:  Merged 2 devices.

Subcircuit summary:
Circuit 1: inverter                        |Circuit 2: inverter                        
-------------------------------------------|-------------------------------------------
sky130_fd_pr__nfet_01v8 (2)                |sky130_fd_pr__nfet_01v8 (1) **Mismatch**   
sky130_fd_pr__pfet_01v8 (2)                |sky130_fd_pr__pfet_01v8 (1) **Mismatch**   
Number of devices: 4 **Mismatch**          |Number of devices: 2 **Mismatch**          
Number of nets: 8 **Mismatch**             |Number of nets: 4 **Mismatch**             
---------------------------------------------------------------------------------------
NET mismatches: Class fragments follow (with fanout counts):
Circuit 1: inverter                        |Circuit 2: inverter                        

---------------------------------------------------------------------------------------
Net: out                                   |Net: out                                   
  sky130_fd_pr__nfet_01v8/(1|3) = 2        |  sky130_fd_pr__nfet_01v8/(1|3) = 1        
                                           |  sky130_fd_pr__pfet_01v8/(1|3) = 1        
                                           |                                           
Net: vss                                   |Net: vss                                   
  sky130_fd_pr__nfet_01v8/4 = 2            |  sky130_fd_pr__nfet_01v8/4 = 1            
                                           |  sky130_fd_pr__nfet_01v8/(1|3) = 1        
                                           |                                           
(no matching net)                          |Net: in                                    
                                           |  sky130_fd_pr__nfet_01v8/2 = 1            
                                           |  sky130_fd_pr__pfet_01v8/2 = 1            
                                           |                                           
(no matching net)                          |Net: vdd                                   
                                           |  sky130_fd_pr__pfet_01v8/(1|3) = 1        
                                           |  sky130_fd_pr__pfet_01v8/4 = 1            
---------------------------------------------------------------------------------------

---------------------------------------------------------------------------------------
Net: vdd                                   |(no matching net)                          
  sky130_fd_pr__pfet_01v8/(1|3) = 2        |                                           
  sky130_fd_pr__pfet_01v8/4 = 2            |                                           
                                           |                                           
Net: in                                    |(no matching net)                          
  sky130_fd_pr__nfet_01v8/2 = 2            |                                           
  sky130_fd_pr__pfet_01v8/2 = 2            |                                           
---------------------------------------------------------------------------------------
DEVICE mismatches: Class fragments follow (with node fanout counts):
Circuit 1: inverter                        |Circuit 2: inverter                        

---------------------------------------------------------------------------------------
(no matching instance)                     |Instance: sky130_fd_pr__nfet_01v8M1        
                                           |  (1,3) = (2,2)                            
                                           |  2 = 2                                    
                                           |  4 = 2                                    
                                           |                                           
                                           |                                           
(no matching instance)                     |Instance: sky130_fd_pr__pfet_01v8M2        
                                           |  (1,3) = (2,2)                            
                                           |  2 = 2                                    
                                           |  4 = 2                                    
                                           |                                           
---------------------------------------------------------------------------------------
Netlists do not match.
Netlists do not match.
